{"C:\\Users\\Juan\\codeworks 2\\exercise-pairs 2nd part\\thesisProjectBackend\\index.js": {"path":"C:\\Users\\Juan\\codeworks 2\\exercise-pairs 2nd part\\thesisProjectBackend\\index.js","statementMap":{"0":{"start":{"line":3,"column":0},"end":{"line":3,"column":27}},"1":{"start":{"line":4,"column":16},"end":{"line":4,"column":34}},"2":{"start":{"line":5,"column":12},"end":{"line":5,"column":21}},"3":{"start":{"line":6,"column":15},"end":{"line":6,"column":34}},"4":{"start":{"line":7,"column":22},"end":{"line":7,"column":47}},"5":{"start":{"line":8,"column":13},"end":{"line":8,"column":36}},"6":{"start":{"line":9,"column":12},"end":{"line":9,"column":34}},"7":{"start":{"line":11,"column":0},"end":{"line":11,"column":24}},"8":{"start":{"line":13,"column":0},"end":{"line":13,"column":16}},"9":{"start":{"line":15,"column":0},"end":{"line":24,"column":5}},"10":{"start":{"line":16,"column":2},"end":{"line":23,"column":3}},"11":{"start":{"line":17,"column":4},"end":{"line":17,"column":27}},"12":{"start":{"line":18,"column":4},"end":{"line":20,"column":7}},"13":{"start":{"line":19,"column":6},"end":{"line":19,"column":57}},"14":{"start":{"line":22,"column":4},"end":{"line":22,"column":54}}},"fnMap":{"0":{"name":"(anonymous_0)","decl":{"start":{"line":15,"column":1},"end":{"line":15,"column":2}},"loc":{"start":{"line":15,"column":13},"end":{"line":24,"column":1}},"line":15},"1":{"name":"(anonymous_1)","decl":{"start":{"line":18,"column":21},"end":{"line":18,"column":22}},"loc":{"start":{"line":18,"column":27},"end":{"line":20,"column":5}},"line":18}},"branchMap":{},"s":{"0":0,"1":0,"2":0,"3":0,"4":0,"5":0,"6":0,"7":0,"8":0,"9":0,"10":0,"11":0,"12":0,"13":0,"14":0},"f":{"0":0,"1":0},"b":{}}
,"C:\\Users\\Juan\\codeworks 2\\exercise-pairs 2nd part\\thesisProjectBackend\\router.js": {"path":"C:\\Users\\Juan\\codeworks 2\\exercise-pairs 2nd part\\thesisProjectBackend\\router.js","statementMap":{"0":{"start":{"line":3,"column":19},"end":{"line":3,"column":37}},"1":{"start":{"line":4,"column":15},"end":{"line":4,"column":27}},"2":{"start":{"line":5,"column":13},"end":{"line":5,"column":42}},"3":{"start":{"line":6,"column":16},"end":{"line":6,"column":48}},"4":{"start":{"line":7,"column":23},"end":{"line":7,"column":52}},"5":{"start":{"line":11,"column":0},"end":{"line":11,"column":38}},"6":{"start":{"line":12,"column":0},"end":{"line":12,"column":34}},"7":{"start":{"line":14,"column":0},"end":{"line":14,"column":40}},"8":{"start":{"line":18,"column":0},"end":{"line":18,"column":53}},"9":{"start":{"line":19,"column":0},"end":{"line":19,"column":53}},"10":{"start":{"line":21,"column":0},"end":{"line":21,"column":56}},"11":{"start":{"line":22,"column":0},"end":{"line":22,"column":59}},"12":{"start":{"line":23,"column":0},"end":{"line":23,"column":62}},"13":{"start":{"line":26,"column":0},"end":{"line":26,"column":24}}},"fnMap":{},"branchMap":{},"s":{"0":0,"1":0,"2":0,"3":0,"4":0,"5":0,"6":0,"7":0,"8":0,"9":0,"10":0,"11":0,"12":0,"13":0},"f":{},"b":{}}
,"C:\\Users\\Juan\\codeworks 2\\exercise-pairs 2nd part\\thesisProjectBackend\\controllers\\product.js": {"path":"C:\\Users\\Juan\\codeworks 2\\exercise-pairs 2nd part\\thesisProjectBackend\\controllers\\product.js","statementMap":{"0":{"start":{"line":3,"column":11},"end":{"line":3,"column":37}},"1":{"start":{"line":5,"column":0},"end":{"line":16,"column":2}},"2":{"start":{"line":6,"column":2},"end":{"line":15,"column":3}},"3":{"start":{"line":7,"column":20},"end":{"line":10,"column":6}},"4":{"start":{"line":11,"column":4},"end":{"line":11,"column":20}},"5":{"start":{"line":12,"column":4},"end":{"line":12,"column":22}},"6":{"start":{"line":14,"column":4},"end":{"line":14,"column":52}},"7":{"start":{"line":18,"column":0},"end":{"line":29,"column":2}},"8":{"start":{"line":19,"column":2},"end":{"line":28,"column":3}},"9":{"start":{"line":20,"column":21},"end":{"line":22,"column":6}},"10":{"start":{"line":23,"column":4},"end":{"line":23,"column":20}},"11":{"start":{"line":24,"column":4},"end":{"line":24,"column":23}},"12":{"start":{"line":26,"column":4},"end":{"line":26,"column":63}},"13":{"start":{"line":27,"column":4},"end":{"line":27,"column":24}},"14":{"start":{"line":31,"column":0},"end":{"line":55,"column":2}},"15":{"start":{"line":32,"column":2},"end":{"line":54,"column":3}},"16":{"start":{"line":33,"column":19},"end":{"line":33,"column":29}},"17":{"start":{"line":34,"column":20},"end":{"line":36,"column":6}},"18":{"start":{"line":37,"column":23},"end":{"line":37,"column":54}},"19":{"start":{"line":38,"column":4},"end":{"line":50,"column":5}},"20":{"start":{"line":39,"column":29},"end":{"line":44,"column":8}},"21":{"start":{"line":45,"column":6},"end":{"line":45,"column":22}},"22":{"start":{"line":46,"column":6},"end":{"line":46,"column":31}},"23":{"start":{"line":48,"column":6},"end":{"line":48,"column":22}},"24":{"start":{"line":49,"column":6},"end":{"line":49,"column":74}},"25":{"start":{"line":52,"column":4},"end":{"line":52,"column":90}},"26":{"start":{"line":53,"column":4},"end":{"line":53,"column":24}},"27":{"start":{"line":57,"column":0},"end":{"line":76,"column":2}},"28":{"start":{"line":58,"column":2},"end":{"line":75,"column":3}},"29":{"start":{"line":59,"column":19},"end":{"line":59,"column":29}},"30":{"start":{"line":60,"column":20},"end":{"line":62,"column":6}},"31":{"start":{"line":63,"column":23},"end":{"line":63,"column":54}},"32":{"start":{"line":64,"column":4},"end":{"line":71,"column":5}},"33":{"start":{"line":65,"column":6},"end":{"line":65,"column":24}},"34":{"start":{"line":66,"column":6},"end":{"line":66,"column":22}},"35":{"start":{"line":67,"column":6},"end":{"line":67,"column":34}},"36":{"start":{"line":69,"column":6},"end":{"line":69,"column":22}},"37":{"start":{"line":70,"column":6},"end":{"line":70,"column":76}},"38":{"start":{"line":73,"column":4},"end":{"line":73,"column":90}},"39":{"start":{"line":74,"column":4},"end":{"line":74,"column":24}}},"fnMap":{"0":{"name":"(anonymous_0)","decl":{"start":{"line":5,"column":17},"end":{"line":5,"column":18}},"loc":{"start":{"line":5,"column":37},"end":{"line":16,"column":1}},"line":5},"1":{"name":"(anonymous_1)","decl":{"start":{"line":18,"column":17},"end":{"line":18,"column":18}},"loc":{"start":{"line":18,"column":37},"end":{"line":29,"column":1}},"line":18},"2":{"name":"(anonymous_2)","decl":{"start":{"line":31,"column":17},"end":{"line":31,"column":18}},"loc":{"start":{"line":31,"column":37},"end":{"line":55,"column":1}},"line":31},"3":{"name":"(anonymous_3)","decl":{"start":{"line":57,"column":17},"end":{"line":57,"column":18}},"loc":{"start":{"line":57,"column":37},"end":{"line":76,"column":1}},"line":57}},"branchMap":{"0":{"loc":{"start":{"line":38,"column":4},"end":{"line":50,"column":5}},"type":"if","locations":[{"start":{"line":38,"column":4},"end":{"line":50,"column":5}},{"start":{"line":38,"column":4},"end":{"line":50,"column":5}}],"line":38},"1":{"loc":{"start":{"line":64,"column":4},"end":{"line":71,"column":5}},"type":"if","locations":[{"start":{"line":64,"column":4},"end":{"line":71,"column":5}},{"start":{"line":64,"column":4},"end":{"line":71,"column":5}}],"line":64}},"s":{"0":1,"1":1,"2":0,"3":0,"4":0,"5":0,"6":0,"7":1,"8":0,"9":0,"10":0,"11":0,"12":0,"13":0,"14":1,"15":0,"16":0,"17":0,"18":0,"19":0,"20":0,"21":0,"22":0,"23":0,"24":0,"25":0,"26":0,"27":1,"28":0,"29":0,"30":0,"31":0,"32":0,"33":0,"34":0,"35":0,"36":0,"37":0,"38":0,"39":0},"f":{"0":0,"1":0,"2":0,"3":0},"b":{"0":[0,0],"1":[0,0]},"_coverageSchema":"1a1c01bbd47fc00a2c39e90264f33305004495a9","hash":"8367bb65232e2da342026d6e3a7e79499b41c11b"}
,"C:\\Users\\Juan\\codeworks 2\\exercise-pairs 2nd part\\thesisProjectBackend\\controllers\\productMockData.js": {"path":"C:\\Users\\Juan\\codeworks 2\\exercise-pairs 2nd part\\thesisProjectBackend\\controllers\\productMockData.js","statementMap":{"0":{"start":{"line":1,"column":21},"end":{"line":104,"column":1}},"1":{"start":{"line":106,"column":26},"end":{"line":124,"column":1}},"2":{"start":{"line":126,"column":26},"end":{"line":144,"column":1}},"3":{"start":{"line":146,"column":25},"end":{"line":161,"column":1}},"4":{"start":{"line":163,"column":25},"end":{"line":181,"column":1}},"5":{"start":{"line":184,"column":14},"end":{"line":184,"column":44}},"6":{"start":{"line":185,"column":2},"end":{"line":185,"column":13}},"7":{"start":{"line":189,"column":14},"end":{"line":193,"column":3}},"8":{"start":{"line":190,"column":24},"end":{"line":190,"column":27}},"9":{"start":{"line":191,"column":26},"end":{"line":191,"column":29}},"10":{"start":{"line":192,"column":30},"end":{"line":192,"column":33}},"11":{"start":{"line":194,"column":2},"end":{"line":194,"column":13}},"12":{"start":{"line":197,"column":0},"end":{"line":205,"column":2}}},"fnMap":{"0":{"name":"buildReq","decl":{"start":{"line":183,"column":9},"end":{"line":183,"column":17}},"loc":{"start":{"line":183,"column":29},"end":{"line":186,"column":1}},"line":183},"1":{"name":"buildRes","decl":{"start":{"line":188,"column":9},"end":{"line":188,"column":17}},"loc":{"start":{"line":188,"column":21},"end":{"line":195,"column":1}},"line":188},"2":{"name":"(anonymous_2)","decl":{"start":{"line":190,"column":18},"end":{"line":190,"column":19}},"loc":{"start":{"line":190,"column":24},"end":{"line":190,"column":27}},"line":190},"3":{"name":"(anonymous_3)","decl":{"start":{"line":191,"column":20},"end":{"line":191,"column":21}},"loc":{"start":{"line":191,"column":26},"end":{"line":191,"column":29}},"line":191},"4":{"name":"(anonymous_4)","decl":{"start":{"line":192,"column":24},"end":{"line":192,"column":25}},"loc":{"start":{"line":192,"column":30},"end":{"line":192,"column":33}},"line":192}},"branchMap":{},"s":{"0":1,"1":1,"2":1,"3":1,"4":1,"5":1,"6":1,"7":1,"8":0,"9":0,"10":0,"11":1,"12":1},"f":{"0":1,"1":1,"2":0,"3":0,"4":0},"b":{},"_coverageSchema":"1a1c01bbd47fc00a2c39e90264f33305004495a9","hash":"0834dad5de30595312952eb67517138378b33278"}
,"C:\\Users\\Juan\\codeworks 2\\exercise-pairs 2nd part\\thesisProjectBackend\\controllers\\user.js": {"path":"C:\\Users\\Juan\\codeworks 2\\exercise-pairs 2nd part\\thesisProjectBackend\\controllers\\user.js","statementMap":{"0":{"start":{"line":3,"column":11},"end":{"line":3,"column":37}},"1":{"start":{"line":4,"column":15},"end":{"line":4,"column":32}},"2":{"start":{"line":5,"column":12},"end":{"line":5,"column":35}},"3":{"start":{"line":6,"column":19},"end":{"line":6,"column":41}},"4":{"start":{"line":8,"column":0},"end":{"line":29,"column":2}},"5":{"start":{"line":9,"column":2},"end":{"line":28,"column":3}},"6":{"start":{"line":10,"column":32},"end":{"line":10,"column":40}},"7":{"start":{"line":11,"column":17},"end":{"line":11,"column":48}},"8":{"start":{"line":12,"column":4},"end":{"line":12,"column":29}},"9":{"start":{"line":13,"column":25},"end":{"line":16,"column":6}},"10":{"start":{"line":17,"column":4},"end":{"line":24,"column":5}},"11":{"start":{"line":18,"column":26},"end":{"line":18,"column":57}},"12":{"start":{"line":19,"column":6},"end":{"line":19,"column":22}},"13":{"start":{"line":20,"column":6},"end":{"line":20,"column":28}},"14":{"start":{"line":22,"column":6},"end":{"line":22,"column":22}},"15":{"start":{"line":23,"column":6},"end":{"line":23,"column":40}},"16":{"start":{"line":26,"column":4},"end":{"line":26,"column":58}},"17":{"start":{"line":27,"column":4},"end":{"line":27,"column":24}},"18":{"start":{"line":31,"column":0},"end":{"line":44,"column":2}},"19":{"start":{"line":32,"column":2},"end":{"line":43,"column":3}},"20":{"start":{"line":33,"column":32},"end":{"line":33,"column":40}},"21":{"start":{"line":34,"column":17},"end":{"line":34,"column":60}},"22":{"start":{"line":35,"column":25},"end":{"line":35,"column":70}},"23":{"start":{"line":36,"column":4},"end":{"line":36,"column":41}},"24":{"start":{"line":36,"column":23},"end":{"line":36,"column":41}},"25":{"start":{"line":37,"column":24},"end":{"line":37,"column":67}},"26":{"start":{"line":38,"column":4},"end":{"line":38,"column":20}},"27":{"start":{"line":39,"column":4},"end":{"line":39,"column":26}},"28":{"start":{"line":41,"column":4},"end":{"line":41,"column":20}},"29":{"start":{"line":42,"column":4},"end":{"line":42,"column":44}},"30":{"start":{"line":46,"column":0},"end":{"line":55,"column":2}},"31":{"start":{"line":47,"column":2},"end":{"line":54,"column":3}},"32":{"start":{"line":48,"column":21},"end":{"line":48,"column":24}},"33":{"start":{"line":49,"column":4},"end":{"line":49,"column":20}},"34":{"start":{"line":50,"column":4},"end":{"line":50,"column":19}},"35":{"start":{"line":52,"column":4},"end":{"line":52,"column":64}},"36":{"start":{"line":53,"column":4},"end":{"line":53,"column":24}},"37":{"start":{"line":57,"column":0},"end":{"line":72,"column":2}},"38":{"start":{"line":58,"column":2},"end":{"line":71,"column":3}},"39":{"start":{"line":59,"column":19},"end":{"line":59,"column":27}},"40":{"start":{"line":60,"column":25},"end":{"line":60,"column":33}},"41":{"start":{"line":61,"column":17},"end":{"line":61,"column":48}},"42":{"start":{"line":62,"column":4},"end":{"line":62,"column":29}},"43":{"start":{"line":63,"column":4},"end":{"line":65,"column":7}},"44":{"start":{"line":66,"column":4},"end":{"line":66,"column":20}},"45":{"start":{"line":67,"column":4},"end":{"line":67,"column":39}},"46":{"start":{"line":69,"column":4},"end":{"line":69,"column":89}},"47":{"start":{"line":70,"column":4},"end":{"line":70,"column":24}}},"fnMap":{"0":{"name":"(anonymous_0)","decl":{"start":{"line":8,"column":17},"end":{"line":8,"column":18}},"loc":{"start":{"line":8,"column":37},"end":{"line":29,"column":1}},"line":8},"1":{"name":"(anonymous_1)","decl":{"start":{"line":31,"column":16},"end":{"line":31,"column":17}},"loc":{"start":{"line":31,"column":36},"end":{"line":44,"column":1}},"line":31},"2":{"name":"(anonymous_2)","decl":{"start":{"line":46,"column":17},"end":{"line":46,"column":18}},"loc":{"start":{"line":46,"column":37},"end":{"line":55,"column":1}},"line":46},"3":{"name":"(anonymous_3)","decl":{"start":{"line":57,"column":17},"end":{"line":57,"column":18}},"loc":{"start":{"line":57,"column":37},"end":{"line":72,"column":1}},"line":57}},"branchMap":{"0":{"loc":{"start":{"line":17,"column":4},"end":{"line":24,"column":5}},"type":"if","locations":[{"start":{"line":17,"column":4},"end":{"line":24,"column":5}},{"start":{"line":17,"column":4},"end":{"line":24,"column":5}}],"line":17},"1":{"loc":{"start":{"line":36,"column":4},"end":{"line":36,"column":41}},"type":"if","locations":[{"start":{"line":36,"column":4},"end":{"line":36,"column":41}},{"start":{"line":36,"column":4},"end":{"line":36,"column":41}}],"line":36}},"s":{"0":0,"1":0,"2":0,"3":0,"4":0,"5":0,"6":0,"7":0,"8":0,"9":0,"10":0,"11":0,"12":0,"13":0,"14":0,"15":0,"16":0,"17":0,"18":0,"19":0,"20":0,"21":0,"22":0,"23":0,"24":0,"25":0,"26":0,"27":0,"28":0,"29":0,"30":0,"31":0,"32":0,"33":0,"34":0,"35":0,"36":0,"37":0,"38":0,"39":0,"40":0,"41":0,"42":0,"43":0,"44":0,"45":0,"46":0,"47":0},"f":{"0":0,"1":0,"2":0,"3":0},"b":{"0":[0,0],"1":[0,0]}}
,"C:\\Users\\Juan\\codeworks 2\\exercise-pairs 2nd part\\thesisProjectBackend\\middlewares\\auth.js": {"path":"C:\\Users\\Juan\\codeworks 2\\exercise-pairs 2nd part\\thesisProjectBackend\\middlewares\\auth.js","statementMap":{"0":{"start":{"line":3,"column":12},"end":{"line":3,"column":35}},"1":{"start":{"line":4,"column":11},"end":{"line":4,"column":37}},"2":{"start":{"line":5,"column":19},"end":{"line":5,"column":41}},"3":{"start":{"line":7,"column":23},"end":{"line":20,"column":1}},"4":{"start":{"line":8,"column":2},"end":{"line":19,"column":3}},"5":{"start":{"line":9,"column":24},"end":{"line":9,"column":52}},"6":{"start":{"line":10,"column":4},"end":{"line":10,"column":49}},"7":{"start":{"line":10,"column":22},"end":{"line":10,"column":49}},"8":{"start":{"line":11,"column":18},"end":{"line":11,"column":43}},"9":{"start":{"line":12,"column":22},"end":{"line":12,"column":51}},"10":{"start":{"line":13,"column":17},"end":{"line":13,"column":60}},"11":{"start":{"line":14,"column":4},"end":{"line":14,"column":42}},"12":{"start":{"line":14,"column":15},"end":{"line":14,"column":42}},"13":{"start":{"line":15,"column":4},"end":{"line":15,"column":20}},"14":{"start":{"line":16,"column":4},"end":{"line":16,"column":11}},"15":{"start":{"line":18,"column":4},"end":{"line":18,"column":24}},"16":{"start":{"line":22,"column":0},"end":{"line":22,"column":32}}},"fnMap":{"0":{"name":"(anonymous_0)","decl":{"start":{"line":7,"column":23},"end":{"line":7,"column":24}},"loc":{"start":{"line":7,"column":49},"end":{"line":20,"column":1}},"line":7}},"branchMap":{"0":{"loc":{"start":{"line":10,"column":4},"end":{"line":10,"column":49}},"type":"if","locations":[{"start":{"line":10,"column":4},"end":{"line":10,"column":49}},{"start":{"line":10,"column":4},"end":{"line":10,"column":49}}],"line":10},"1":{"loc":{"start":{"line":14,"column":4},"end":{"line":14,"column":42}},"type":"if","locations":[{"start":{"line":14,"column":4},"end":{"line":14,"column":42}},{"start":{"line":14,"column":4},"end":{"line":14,"column":42}}],"line":14}},"s":{"0":0,"1":0,"2":0,"3":0,"4":0,"5":0,"6":0,"7":0,"8":0,"9":0,"10":0,"11":0,"12":0,"13":0,"14":0,"15":0,"16":0},"f":{"0":0},"b":{"0":[0,0],"1":[0,0]}}
,"C:\\Users\\Juan\\codeworks 2\\exercise-pairs 2nd part\\thesisProjectBackend\\models\\category.js": {"path":"C:\\Users\\Juan\\codeworks 2\\exercise-pairs 2nd part\\thesisProjectBackend\\models\\category.js","statementMap":{"0":{"start":{"line":1,"column":0},"end":{"line":15,"column":1}},"1":{"start":{"line":2,"column":19},"end":{"line":13,"column":4}},"2":{"start":{"line":14,"column":2},"end":{"line":14,"column":17}}},"fnMap":{"0":{"name":"(anonymous_0)","decl":{"start":{"line":1,"column":17},"end":{"line":1,"column":18}},"loc":{"start":{"line":1,"column":43},"end":{"line":15,"column":1}},"line":1}},"branchMap":{},"s":{"0":0,"1":0,"2":0},"f":{"0":0},"b":{}}
,"C:\\Users\\Juan\\codeworks 2\\exercise-pairs 2nd part\\thesisProjectBackend\\models\\index.js": {"path":"C:\\Users\\Juan\\codeworks 2\\exercise-pairs 2nd part\\thesisProjectBackend\\models\\index.js","statementMap":{"0":{"start":{"line":2,"column":0},"end":{"line":2,"column":27}},"1":{"start":{"line":3,"column":13},"end":{"line":3,"column":28}},"2":{"start":{"line":5,"column":11},"end":{"line":5,"column":24}},"3":{"start":{"line":6,"column":18},"end":{"line":6,"column":38}},"4":{"start":{"line":7,"column":17},"end":{"line":7,"column":42}},"5":{"start":{"line":8,"column":15},"end":{"line":8,"column":41}},"6":{"start":{"line":9,"column":13},"end":{"line":9,"column":37}},"7":{"start":{"line":10,"column":17},"end":{"line":10,"column":45}},"8":{"start":{"line":11,"column":11},"end":{"line":11,"column":13}},"9":{"start":{"line":13,"column":18},"end":{"line":15,"column":2}},"10":{"start":{"line":17,"column":0},"end":{"line":25,"column":5}},"11":{"start":{"line":20,"column":4},"end":{"line":20,"column":90}},"12":{"start":{"line":23,"column":18},"end":{"line":23,"column":85}},"13":{"start":{"line":24,"column":4},"end":{"line":24,"column":27}},"14":{"start":{"line":27,"column":0},"end":{"line":31,"column":3}},"15":{"start":{"line":28,"column":2},"end":{"line":30,"column":3}},"16":{"start":{"line":29,"column":4},"end":{"line":29,"column":32}},"17":{"start":{"line":33,"column":0},"end":{"line":33,"column":25}},"18":{"start":{"line":34,"column":0},"end":{"line":34,"column":25}},"19":{"start":{"line":36,"column":0},"end":{"line":36,"column":20}}},"fnMap":{"0":{"name":"(anonymous_0)","decl":{"start":{"line":19,"column":10},"end":{"line":19,"column":11}},"loc":{"start":{"line":19,"column":18},"end":{"line":21,"column":3}},"line":19},"1":{"name":"(anonymous_1)","decl":{"start":{"line":22,"column":11},"end":{"line":22,"column":12}},"loc":{"start":{"line":22,"column":19},"end":{"line":25,"column":3}},"line":22},"2":{"name":"(anonymous_2)","decl":{"start":{"line":27,"column":24},"end":{"line":27,"column":25}},"loc":{"start":{"line":27,"column":37},"end":{"line":31,"column":1}},"line":27}},"branchMap":{"0":{"loc":{"start":{"line":20,"column":11},"end":{"line":20,"column":89}},"type":"binary-expr","locations":[{"start":{"line":20,"column":12},"end":{"line":20,"column":35}},{"start":{"line":20,"column":41},"end":{"line":20,"column":58}},{"start":{"line":20,"column":64},"end":{"line":20,"column":88}}],"line":20},"1":{"loc":{"start":{"line":28,"column":2},"end":{"line":30,"column":3}},"type":"if","locations":[{"start":{"line":28,"column":2},"end":{"line":30,"column":3}},{"start":{"line":28,"column":2},"end":{"line":30,"column":3}}],"line":28}},"s":{"0":0,"1":0,"2":0,"3":0,"4":0,"5":0,"6":0,"7":0,"8":0,"9":0,"10":0,"11":0,"12":0,"13":0,"14":0,"15":0,"16":0,"17":0,"18":0,"19":0},"f":{"0":0,"1":0,"2":0},"b":{"0":[0,0,0],"1":[0,0]}}
,"C:\\Users\\Juan\\codeworks 2\\exercise-pairs 2nd part\\thesisProjectBackend\\models\\product.js": {"path":"C:\\Users\\Juan\\codeworks 2\\exercise-pairs 2nd part\\thesisProjectBackend\\models\\product.js","statementMap":{"0":{"start":{"line":1,"column":0},"end":{"line":69,"column":1}},"1":{"start":{"line":2,"column":19},"end":{"line":66,"column":4}},"2":{"start":{"line":68,"column":2},"end":{"line":68,"column":18}}},"fnMap":{"0":{"name":"(anonymous_0)","decl":{"start":{"line":1,"column":17},"end":{"line":1,"column":18}},"loc":{"start":{"line":1,"column":43},"end":{"line":69,"column":1}},"line":1}},"branchMap":{},"s":{"0":0,"1":0,"2":0},"f":{"0":0},"b":{}}
,"C:\\Users\\Juan\\codeworks 2\\exercise-pairs 2nd part\\thesisProjectBackend\\models\\user.js": {"path":"C:\\Users\\Juan\\codeworks 2\\exercise-pairs 2nd part\\thesisProjectBackend\\models\\user.js","statementMap":{"0":{"start":{"line":1,"column":0},"end":{"line":55,"column":1}},"1":{"start":{"line":2,"column":15},"end":{"line":52,"column":4}},"2":{"start":{"line":54,"column":2},"end":{"line":54,"column":14}}},"fnMap":{"0":{"name":"(anonymous_0)","decl":{"start":{"line":1,"column":17},"end":{"line":1,"column":18}},"loc":{"start":{"line":1,"column":43},"end":{"line":55,"column":1}},"line":1}},"branchMap":{},"s":{"0":0,"1":0,"2":0},"f":{"0":0},"b":{}}
,"C:\\Users\\Juan\\codeworks 2\\exercise-pairs 2nd part\\thesisProjectBackend\\resources\\config\\config.js": {"path":"C:\\Users\\Juan\\codeworks 2\\exercise-pairs 2nd part\\thesisProjectBackend\\resources\\config\\config.js","statementMap":{"0":{"start":{"line":1,"column":0},"end":{"line":1,"column":26}},"1":{"start":{"line":3,"column":0},"end":{"line":16,"column":1}}},"fnMap":{},"branchMap":{},"s":{"0":0,"1":0},"f":{},"b":{}}
}
